<?xml version="1.0" encoding="UTF-8"?>
<coverage generated="1538702863169" clover="3.2.0">
  <project timestamp="1538702863169" name="All files">
    <metrics statements="90" coveredstatements="77" conditionals="15" coveredconditionals="12" methods="30" coveredmethods="22" elements="135" coveredelements="111" complexity="0" loc="90" ncloc="90" packages="5" files="11" classes="11">
      <package name="api">
        <metrics statements="19" coveredstatements="11" conditionals="0" coveredconditionals="0" methods="6" coveredmethods="3"/>
        <file name="helpers.js" path="/Users/humanbassvirus/Desktop/Coding/Challenges/crypto-exchange-integrator/api/helpers.js">
          <metrics statements="19" coveredstatements="11" conditionals="0" coveredconditionals="0" methods="6" coveredmethods="3"/>
          <line num="3" count="1" type="stmt"/>
          <line num="8" count="1" type="stmt"/>
          <line num="9" count="2" type="stmt"/>
          <line num="10" count="2" type="stmt"/>
          <line num="11" count="2" type="stmt"/>
          <line num="13" count="1" type="stmt"/>
          <line num="14" count="2" type="stmt"/>
          <line num="15" count="2" type="stmt"/>
          <line num="16" count="2" type="stmt"/>
          <line num="18" count="1" type="stmt"/>
          <line num="22" count="0" type="stmt"/>
          <line num="27" count="0" type="stmt"/>
          <line num="28" count="0" type="stmt"/>
          <line num="34" count="0" type="stmt"/>
          <line num="37" count="0" type="stmt"/>
          <line num="38" count="0" type="stmt"/>
          <line num="44" count="0" type="stmt"/>
          <line num="47" count="0" type="stmt"/>
          <line num="51" count="1" type="stmt"/>
        </file>
      </package>
      <package name="src">
        <metrics statements="2" coveredstatements="2" conditionals="0" coveredconditionals="0" methods="1" coveredmethods="1"/>
        <file name="App.js" path="/Users/humanbassvirus/Desktop/Coding/Challenges/crypto-exchange-integrator/src/App.js">
          <metrics statements="2" coveredstatements="2" conditionals="0" coveredconditionals="0" methods="1" coveredmethods="1"/>
          <line num="5" count="1" type="stmt"/>
          <line num="6" count="1" type="stmt"/>
        </file>
      </package>
      <package name="src.assets">
        <metrics statements="3" coveredstatements="3" conditionals="0" coveredconditionals="0" methods="0" coveredmethods="0"/>
        <file name="bittrexLogo.svg" path="/Users/humanbassvirus/Desktop/Coding/Challenges/crypto-exchange-integrator/src/assets/bittrexLogo.svg">
          <metrics statements="1" coveredstatements="1" conditionals="0" coveredconditionals="0" methods="0" coveredmethods="0"/>
          <line num="1" count="4" type="stmt"/>
        </file>
        <file name="loading.gif" path="/Users/humanbassvirus/Desktop/Coding/Challenges/crypto-exchange-integrator/src/assets/loading.gif">
          <metrics statements="1" coveredstatements="1" conditionals="0" coveredconditionals="0" methods="0" coveredmethods="0"/>
          <line num="1" count="3" type="stmt"/>
        </file>
        <file name="poloniexLogo.svg" path="/Users/humanbassvirus/Desktop/Coding/Challenges/crypto-exchange-integrator/src/assets/poloniexLogo.svg">
          <metrics statements="1" coveredstatements="1" conditionals="0" coveredconditionals="0" methods="0" coveredmethods="0"/>
          <line num="1" count="4" type="stmt"/>
        </file>
      </package>
      <package name="src.components">
        <metrics statements="60" coveredstatements="55" conditionals="15" coveredconditionals="12" methods="20" coveredmethods="15"/>
        <file name="BookOrder.jsx" path="/Users/humanbassvirus/Desktop/Coding/Challenges/crypto-exchange-integrator/src/components/BookOrder.jsx">
          <metrics statements="7" coveredstatements="7" conditionals="2" coveredconditionals="2" methods="1" coveredmethods="1"/>
          <line num="6" count="4" type="stmt"/>
          <line num="10" count="4" type="stmt"/>
          <line num="12" count="3" type="cond" truecount="2" falsecount="0"/>
          <line num="13" count="2" type="stmt"/>
          <line num="15" count="1" type="stmt"/>
          <line num="17" count="3" type="stmt"/>
          <line num="33" count="4" type="stmt"/>
        </file>
        <file name="Exchange.jsx" path="/Users/humanbassvirus/Desktop/Coding/Challenges/crypto-exchange-integrator/src/components/Exchange.jsx">
          <metrics statements="33" coveredstatements="31" conditionals="11" coveredconditionals="10" methods="12" coveredmethods="10"/>
          <line num="10" count="3" type="stmt"/>
          <line num="19" count="6" type="stmt"/>
          <line num="20" count="6" type="cond" truecount="2" falsecount="0"/>
          <line num="21" count="1" type="stmt"/>
          <line num="23" count="6" type="stmt"/>
          <line num="27" count="4" type="stmt"/>
          <line num="28" count="4" type="stmt"/>
          <line num="37" count="4" type="stmt"/>
          <line num="41" count="3" type="stmt"/>
          <line num="42" count="3" type="stmt"/>
          <line num="43" count="3" type="stmt"/>
          <line num="45" count="3" type="stmt"/>
          <line num="49" count="3" type="stmt"/>
          <line num="50" count="3" type="stmt"/>
          <line num="52" count="3" type="stmt"/>
          <line num="56" count="1" type="stmt"/>
          <line num="57" count="1" type="stmt"/>
          <line num="61" count="5" type="stmt"/>
          <line num="68" count="5" type="cond" truecount="5" falsecount="0"/>
          <line num="69" count="1" type="cond" truecount="3" falsecount="1"/>
          <line num="70" count="1" type="stmt"/>
          <line num="71" count="1" type="stmt"/>
          <line num="72" count="1" type="stmt"/>
          <line num="73" count="1" type="stmt"/>
          <line num="75" count="1" type="stmt"/>
          <line num="76" count="0" type="stmt"/>
          <line num="79" count="1" type="stmt"/>
          <line num="80" count="0" type="stmt"/>
          <line num="83" count="1" type="stmt"/>
          <line num="100" count="4" type="stmt"/>
          <line num="107" count="4" type="stmt"/>
          <line num="116" count="5" type="stmt"/>
          <line num="128" count="3" type="stmt"/>
        </file>
        <file name="ExchangeContainer.jsx" path="/Users/humanbassvirus/Desktop/Coding/Challenges/crypto-exchange-integrator/src/components/ExchangeContainer.jsx">
          <metrics statements="7" coveredstatements="4" conditionals="2" coveredconditionals="0" methods="4" coveredmethods="1"/>
          <line num="7" count="2" type="stmt"/>
          <line num="14" count="2" type="stmt"/>
          <line num="15" count="1" type="stmt"/>
          <line num="23" count="0" type="stmt"/>
          <line num="32" count="0" type="stmt"/>
          <line num="34" count="0" type="stmt"/>
          <line num="39" count="2" type="stmt"/>
        </file>
        <file name="ExchangeHeader.jsx" path="/Users/humanbassvirus/Desktop/Coding/Challenges/crypto-exchange-integrator/src/components/ExchangeHeader.jsx">
          <metrics statements="7" coveredstatements="7" conditionals="0" coveredconditionals="0" methods="1" coveredmethods="1"/>
          <line num="4" count="4" type="stmt"/>
          <line num="9" count="4" type="stmt"/>
          <line num="13" count="4" type="stmt"/>
          <line num="14" count="3" type="stmt"/>
          <line num="16" count="3" type="stmt"/>
          <line num="34" count="4" type="stmt"/>
          <line num="35" count="4" type="stmt"/>
        </file>
        <file name="MarketSelector.jsx" path="/Users/humanbassvirus/Desktop/Coding/Challenges/crypto-exchange-integrator/src/components/MarketSelector.jsx">
          <metrics statements="6" coveredstatements="6" conditionals="0" coveredconditionals="0" methods="2" coveredmethods="2"/>
          <line num="5" count="4" type="stmt"/>
          <line num="10" count="4" type="stmt"/>
          <line num="18" count="1" type="stmt"/>
          <line num="22" count="6" type="stmt"/>
          <line num="23" count="6" type="stmt"/>
          <line num="34" count="4" type="stmt"/>
        </file>
      </package>
      <package name="src.store">
        <metrics statements="6" coveredstatements="6" conditionals="0" coveredconditionals="0" methods="3" coveredmethods="3"/>
        <file name="bookActions.js" path="/Users/humanbassvirus/Desktop/Coding/Challenges/crypto-exchange-integrator/src/store/bookActions.js">
          <metrics statements="6" coveredstatements="6" conditionals="0" coveredconditionals="0" methods="3" coveredmethods="3"/>
          <line num="1" count="3" type="stmt"/>
          <line num="2" count="3" type="stmt"/>
          <line num="3" count="3" type="stmt"/>
          <line num="5" count="3" type="stmt"/>
          <line num="10" count="3" type="stmt"/>
          <line num="14" count="3" type="stmt"/>
        </file>
      </package>
    </metrics>
  </project>
</coverage>
