{"/Users/humanbassvirus/Desktop/Coding/Challenges/crypto-exchange-integrator/api/helpers.js": {"path":"/Users/humanbassvirus/Desktop/Coding/Challenges/crypto-exchange-integrator/api/helpers.js","statementMap":{"0":{"start":{"line":3,"column":26},"end":{"line":6,"column":3}},"1":{"start":{"line":8,"column":2},"end":{"line":12,"column":4}},"2":{"start":{"line":9,"column":3},"end":{"line":9,"column":22}},"3":{"start":{"line":10,"column":3},"end":{"line":10,"column":29}},"4":{"start":{"line":11,"column":3},"end":{"line":11,"column":36}},"5":{"start":{"line":13,"column":2},"end":{"line":17,"column":5}},"6":{"start":{"line":14,"column":3},"end":{"line":14,"column":22}},"7":{"start":{"line":15,"column":3},"end":{"line":15,"column":29}},"8":{"start":{"line":16,"column":3},"end":{"line":16,"column":36}},"9":{"start":{"line":18,"column":2},"end":{"line":18,"column":25}},"10":{"start":{"line":22,"column":26},"end":{"line":25,"column":3}},"11":{"start":{"line":26,"column":2},"end":{"line":26,"column":28}},"12":{"start":{"line":27,"column":2},"end":{"line":35,"column":5}},"13":{"start":{"line":28,"column":26},"end":{"line":33,"column":4}},"14":{"start":{"line":34,"column":3},"end":{"line":34,"column":45}},"15":{"start":{"line":37,"column":2},"end":{"line":45,"column":5}},"16":{"start":{"line":38,"column":26},"end":{"line":43,"column":4}},"17":{"start":{"line":44,"column":3},"end":{"line":44,"column":45}},"18":{"start":{"line":47,"column":2},"end":{"line":47,"column":25}},"19":{"start":{"line":51,"column":0},"end":{"line":51,"column":25}}},"fnMap":{"0":{"name":"(anonymous_0)","decl":{"start":{"line":2,"column":1},"end":{"line":2,"column":2}},"loc":{"start":{"line":2,"column":36},"end":{"line":19,"column":2}},"line":2},"1":{"name":"(anonymous_1)","decl":{"start":{"line":8,"column":21},"end":{"line":8,"column":22}},"loc":{"start":{"line":8,"column":30},"end":{"line":12,"column":3}},"line":8},"2":{"name":"(anonymous_2)","decl":{"start":{"line":13,"column":22},"end":{"line":13,"column":23}},"loc":{"start":{"line":13,"column":31},"end":{"line":17,"column":3}},"line":13},"3":{"name":"(anonymous_3)","decl":{"start":{"line":21,"column":1},"end":{"line":21,"column":2}},"loc":{"start":{"line":21,"column":37},"end":{"line":48,"column":2}},"line":21},"4":{"name":"(anonymous_4)","decl":{"start":{"line":27,"column":22},"end":{"line":27,"column":23}},"loc":{"start":{"line":27,"column":31},"end":{"line":35,"column":3}},"line":27},"5":{"name":"(anonymous_5)","decl":{"start":{"line":37,"column":22},"end":{"line":37,"column":23}},"loc":{"start":{"line":37,"column":31},"end":{"line":45,"column":3}},"line":37}},"branchMap":{},"s":{"0":1,"1":1,"2":2,"3":2,"4":2,"5":1,"6":2,"7":2,"8":2,"9":1,"10":0,"11":0,"12":0,"13":0,"14":0,"15":0,"16":0,"17":0,"18":0,"19":1},"f":{"0":1,"1":2,"2":2,"3":0,"4":0,"5":0},"b":{},"_coverageSchema":"332fd63041d2c1bcb487cc26dd0d5f7d97098a6c","hash":"79c85e0a94e2661594c6aa210cd5a35fdae398da"}
,"/Users/humanbassvirus/Desktop/Coding/Challenges/crypto-exchange-integrator/src/App.js": {"path":"/Users/humanbassvirus/Desktop/Coding/Challenges/crypto-exchange-integrator/src/App.js","statementMap":{"0":{"start":{"line":5,"column":12},"end":{"line":9,"column":1}},"1":{"start":{"line":6,"column":1},"end":{"line":8,"column":7}}},"fnMap":{"0":{"name":"(anonymous_0)","decl":{"start":{"line":5,"column":12},"end":{"line":5,"column":13}},"loc":{"start":{"line":6,"column":1},"end":{"line":8,"column":7}},"line":6}},"branchMap":{},"s":{"0":1,"1":1},"f":{"0":1},"b":{},"_coverageSchema":"332fd63041d2c1bcb487cc26dd0d5f7d97098a6c","hash":"4d6058236bd3ba8866f69c804d8d3fa3729bfd36"}
,"/Users/humanbassvirus/Desktop/Coding/Challenges/crypto-exchange-integrator/src/assets/bittrexLogo.svg": {"path":"/Users/humanbassvirus/Desktop/Coding/Challenges/crypto-exchange-integrator/src/assets/bittrexLogo.svg","statementMap":{"0":{"start":{"line":1,"column":0},"end":{"line":1,"column":35}}},"fnMap":{},"branchMap":{},"s":{"0":4},"f":{},"b":{},"_coverageSchema":"332fd63041d2c1bcb487cc26dd0d5f7d97098a6c","hash":"6b185280d1f67c170269c64a101ef93451716ce5"}
,"/Users/humanbassvirus/Desktop/Coding/Challenges/crypto-exchange-integrator/src/assets/loading.gif": {"path":"/Users/humanbassvirus/Desktop/Coding/Challenges/crypto-exchange-integrator/src/assets/loading.gif","statementMap":{"0":{"start":{"line":1,"column":0},"end":{"line":1,"column":31}}},"fnMap":{},"branchMap":{},"s":{"0":3},"f":{},"b":{},"_coverageSchema":"332fd63041d2c1bcb487cc26dd0d5f7d97098a6c","hash":"4477f2fc7b9dc47fb4d791aa62c6f363cceab69d"}
,"/Users/humanbassvirus/Desktop/Coding/Challenges/crypto-exchange-integrator/src/assets/poloniexLogo.svg": {"path":"/Users/humanbassvirus/Desktop/Coding/Challenges/crypto-exchange-integrator/src/assets/poloniexLogo.svg","statementMap":{"0":{"start":{"line":1,"column":0},"end":{"line":1,"column":36}}},"fnMap":{},"branchMap":{},"s":{"0":4},"f":{},"b":{},"_coverageSchema":"332fd63041d2c1bcb487cc26dd0d5f7d97098a6c","hash":"a19c6e1efb912ff4af09860182836778dc33a245"}
,"/Users/humanbassvirus/Desktop/Coding/Challenges/crypto-exchange-integrator/src/components/BookOrder.jsx": {"path":"/Users/humanbassvirus/Desktop/Coding/Challenges/crypto-exchange-integrator/src/components/BookOrder.jsx","statementMap":{"0":{"start":{"line":6,"column":18},"end":{"line":8,"column":1}},"1":{"start":{"line":10,"column":18},"end":{"line":32,"column":1}},"2":{"start":{"line":12,"column":1},"end":{"line":16,"column":2}},"3":{"start":{"line":13,"column":2},"end":{"line":13,"column":27}},"4":{"start":{"line":15,"column":2},"end":{"line":15,"column":28}},"5":{"start":{"line":17,"column":1},"end":{"line":31,"column":3}},"6":{"start":{"line":33,"column":0},"end":{"line":33,"column":32}}},"fnMap":{"0":{"name":"(anonymous_0)","decl":{"start":{"line":10,"column":18},"end":{"line":10,"column":19}},"loc":{"start":{"line":10,"column":35},"end":{"line":32,"column":1}},"line":10}},"branchMap":{"0":{"loc":{"start":{"line":12,"column":1},"end":{"line":16,"column":2}},"type":"if","locations":[{"start":{"line":12,"column":1},"end":{"line":16,"column":2}},{"start":{"line":12,"column":1},"end":{"line":16,"column":2}}],"line":12}},"s":{"0":4,"1":4,"2":3,"3":2,"4":1,"5":3,"6":4},"f":{"0":3},"b":{"0":[2,1]},"_coverageSchema":"332fd63041d2c1bcb487cc26dd0d5f7d97098a6c","hash":"83cdbd22ca71d83cd227f983bfe29e03c22ff9be"}
,"/Users/humanbassvirus/Desktop/Coding/Challenges/crypto-exchange-integrator/src/components/Exchange.jsx": {"path":"/Users/humanbassvirus/Desktop/Coding/Challenges/crypto-exchange-integrator/src/components/Exchange.jsx","statementMap":{"0":{"start":{"line":10,"column":18},"end":{"line":15,"column":1}},"1":{"start":{"line":19,"column":37},"end":{"line":19,"column":46}},"2":{"start":{"line":20,"column":2},"end":{"line":22,"column":3}},"3":{"start":{"line":21,"column":3},"end":{"line":21,"column":50}},"4":{"start":{"line":23,"column":4},"end":{"line":23,"column":16}},"5":{"start":{"line":27,"column":2},"end":{"line":27,"column":15}},"6":{"start":{"line":28,"column":2},"end":{"line":33,"column":3}},"7":{"start":{"line":37,"column":2},"end":{"line":37,"column":62}},"8":{"start":{"line":41,"column":16},"end":{"line":41,"column":17}},"9":{"start":{"line":42,"column":2},"end":{"line":44,"column":4}},"10":{"start":{"line":43,"column":3},"end":{"line":43,"column":29}},"11":{"start":{"line":45,"column":2},"end":{"line":45,"column":17}},"12":{"start":{"line":49,"column":23},"end":{"line":51,"column":4}},"13":{"start":{"line":50,"column":3},"end":{"line":50,"column":26}},"14":{"start":{"line":52,"column":2},"end":{"line":52,"column":22}},"15":{"start":{"line":56,"column":2},"end":{"line":56,"column":34}},"16":{"start":{"line":57,"column":2},"end":{"line":57,"column":51}},"17":{"start":{"line":61,"column":43},"end":{"line":61,"column":64}},"18":{"start":{"line":68,"column":2},"end":{"line":112,"column":3}},"19":{"start":{"line":69,"column":3},"end":{"line":97,"column":4}},"20":{"start":{"line":70,"column":22},"end":{"line":70,"column":68}},"21":{"start":{"line":71,"column":22},"end":{"line":71,"column":68}},"22":{"start":{"line":72,"column":4},"end":{"line":72,"column":48}},"23":{"start":{"line":73,"column":4},"end":{"line":73,"column":48}},"24":{"start":{"line":75,"column":4},"end":{"line":77,"column":7}},"25":{"start":{"line":76,"column":5},"end":{"line":76,"column":50}},"26":{"start":{"line":79,"column":4},"end":{"line":81,"column":7}},"27":{"start":{"line":80,"column":5},"end":{"line":80,"column":50}},"28":{"start":{"line":83,"column":4},"end":{"line":96,"column":6}},"29":{"start":{"line":101,"column":20},"end":{"line":106,"column":4}},"30":{"start":{"line":107,"column":3},"end":{"line":111,"column":5}},"31":{"start":{"line":116,"column":3},"end":{"line":124,"column":5}},"32":{"start":{"line":128,"column":0},"end":{"line":128,"column":31}}},"fnMap":{"0":{"name":"(anonymous_0)","decl":{"start":{"line":18,"column":1},"end":{"line":18,"column":2}},"loc":{"start":{"line":18,"column":55},"end":{"line":24,"column":2}},"line":18},"1":{"name":"(anonymous_1)","decl":{"start":{"line":26,"column":1},"end":{"line":26,"column":2}},"loc":{"start":{"line":26,"column":20},"end":{"line":34,"column":2}},"line":26},"2":{"name":"(anonymous_2)","decl":{"start":{"line":36,"column":1},"end":{"line":36,"column":2}},"loc":{"start":{"line":36,"column":21},"end":{"line":38,"column":2}},"line":36},"3":{"name":"(anonymous_3)","decl":{"start":{"line":40,"column":19},"end":{"line":40,"column":20}},"loc":{"start":{"line":40,"column":31},"end":{"line":46,"column":2}},"line":40},"4":{"name":"(anonymous_4)","decl":{"start":{"line":42,"column":17},"end":{"line":42,"column":18}},"loc":{"start":{"line":42,"column":26},"end":{"line":44,"column":3}},"line":42},"5":{"name":"(anonymous_5)","decl":{"start":{"line":48,"column":1},"end":{"line":48,"column":2}},"loc":{"start":{"line":48,"column":24},"end":{"line":53,"column":2}},"line":48},"6":{"name":"(anonymous_6)","decl":{"start":{"line":49,"column":35},"end":{"line":49,"column":36}},"loc":{"start":{"line":49,"column":45},"end":{"line":51,"column":3}},"line":49},"7":{"name":"(anonymous_7)","decl":{"start":{"line":55,"column":12},"end":{"line":55,"column":13}},"loc":{"start":{"line":55,"column":32},"end":{"line":58,"column":2}},"line":55},"8":{"name":"(anonymous_8)","decl":{"start":{"line":60,"column":16},"end":{"line":60,"column":17}},"loc":{"start":{"line":60,"column":22},"end":{"line":113,"column":2}},"line":60},"9":{"name":"(anonymous_9)","decl":{"start":{"line":75,"column":32},"end":{"line":75,"column":33}},"loc":{"start":{"line":75,"column":46},"end":{"line":77,"column":5}},"line":75},"10":{"name":"(anonymous_10)","decl":{"start":{"line":79,"column":32},"end":{"line":79,"column":33}},"loc":{"start":{"line":79,"column":46},"end":{"line":81,"column":5}},"line":79},"11":{"name":"(anonymous_11)","decl":{"start":{"line":115,"column":2},"end":{"line":115,"column":3}},"loc":{"start":{"line":115,"column":11},"end":{"line":125,"column":3}},"line":115}},"branchMap":{"0":{"loc":{"start":{"line":20,"column":2},"end":{"line":22,"column":3}},"type":"if","locations":[{"start":{"line":20,"column":2},"end":{"line":22,"column":3}},{"start":{"line":20,"column":2},"end":{"line":22,"column":3}}],"line":20},"1":{"loc":{"start":{"line":68,"column":2},"end":{"line":112,"column":3}},"type":"if","locations":[{"start":{"line":68,"column":2},"end":{"line":112,"column":3}},{"start":{"line":68,"column":2},"end":{"line":112,"column":3}}],"line":68},"2":{"loc":{"start":{"line":68,"column":6},"end":{"line":68,"column":93}},"type":"binary-expr","locations":[{"start":{"line":68,"column":6},"end":{"line":68,"column":28}},{"start":{"line":68,"column":33},"end":{"line":68,"column":60}},{"start":{"line":68,"column":64},"end":{"line":68,"column":92}}],"line":68},"3":{"loc":{"start":{"line":69,"column":3},"end":{"line":97,"column":4}},"type":"if","locations":[{"start":{"line":69,"column":3},"end":{"line":97,"column":4}},{"start":{"line":69,"column":3},"end":{"line":97,"column":4}}],"line":69},"4":{"loc":{"start":{"line":69,"column":7},"end":{"line":69,"column":76}},"type":"binary-expr","locations":[{"start":{"line":69,"column":7},"end":{"line":69,"column":39}},{"start":{"line":69,"column":43},"end":{"line":69,"column":76}}],"line":69}},"s":{"0":3,"1":6,"2":6,"3":1,"4":6,"5":4,"6":4,"7":4,"8":3,"9":3,"10":3,"11":3,"12":3,"13":3,"14":3,"15":1,"16":1,"17":5,"18":5,"19":1,"20":1,"21":1,"22":1,"23":1,"24":1,"25":0,"26":1,"27":0,"28":1,"29":4,"30":4,"31":5,"32":3},"f":{"0":6,"1":4,"2":4,"3":3,"4":3,"5":3,"6":3,"7":1,"8":5,"9":0,"10":0,"11":5},"b":{"0":[1,5],"1":[1,4],"2":[5,4,1],"3":[1,0],"4":[1,1]},"_coverageSchema":"332fd63041d2c1bcb487cc26dd0d5f7d97098a6c","hash":"939e69df4d39777be311db6d4800cabfb4d2f51f"}
,"/Users/humanbassvirus/Desktop/Coding/Challenges/crypto-exchange-integrator/src/components/ExchangeContainer.jsx": {"path":"/Users/humanbassvirus/Desktop/Coding/Challenges/crypto-exchange-integrator/src/components/ExchangeContainer.jsx","statementMap":{"0":{"start":{"line":7,"column":18},"end":{"line":12,"column":1}},"1":{"start":{"line":14,"column":26},"end":{"line":20,"column":1}},"2":{"start":{"line":15,"column":1},"end":{"line":19,"column":3}},"3":{"start":{"line":23,"column":2},"end":{"line":27,"column":2}},"4":{"start":{"line":32,"column":2},"end":{"line":36,"column":3}},"5":{"start":{"line":34,"column":3},"end":{"line":34,"column":44}},"6":{"start":{"line":39,"column":0},"end":{"line":39,"column":40}}},"fnMap":{"0":{"name":"(anonymous_0)","decl":{"start":{"line":14,"column":26},"end":{"line":14,"column":27}},"loc":{"start":{"line":15,"column":1},"end":{"line":19,"column":3}},"line":15},"1":{"name":"mapStateToProps","decl":{"start":{"line":22,"column":9},"end":{"line":22,"column":24}},"loc":{"start":{"line":22,"column":32},"end":{"line":28,"column":1}},"line":22},"2":{"name":"mapDispatchToProps","decl":{"start":{"line":31,"column":9},"end":{"line":31,"column":27}},"loc":{"start":{"line":31,"column":38},"end":{"line":37,"column":1}},"line":31},"3":{"name":"(anonymous_3)","decl":{"start":{"line":33,"column":21},"end":{"line":33,"column":22}},"loc":{"start":{"line":33,"column":33},"end":{"line":35,"column":3}},"line":33}},"branchMap":{"0":{"loc":{"start":{"line":24,"column":14},"end":{"line":24,"column":43}},"type":"binary-expr","locations":[{"start":{"line":24,"column":14},"end":{"line":24,"column":37}},{"start":{"line":24,"column":41},"end":{"line":24,"column":43}}],"line":24}},"s":{"0":2,"1":2,"2":1,"3":0,"4":0,"5":0,"6":2},"f":{"0":1,"1":0,"2":0,"3":0},"b":{"0":[0,0]},"_coverageSchema":"332fd63041d2c1bcb487cc26dd0d5f7d97098a6c","hash":"dd072ca6eff9045104f72fcdbef0feea064b7a3b"}
,"/Users/humanbassvirus/Desktop/Coding/Challenges/crypto-exchange-integrator/src/components/ExchangeHeader.jsx": {"path":"/Users/humanbassvirus/Desktop/Coding/Challenges/crypto-exchange-integrator/src/components/ExchangeHeader.jsx","statementMap":{"0":{"start":{"line":4,"column":18},"end":{"line":8,"column":1}},"1":{"start":{"line":9,"column":21},"end":{"line":11,"column":1}},"2":{"start":{"line":13,"column":23},"end":{"line":32,"column":1}},"3":{"start":{"line":14,"column":19},"end":{"line":14,"column":36}},"4":{"start":{"line":15,"column":1},"end":{"line":31,"column":3}},"5":{"start":{"line":33,"column":0},"end":{"line":33,"column":37}},"6":{"start":{"line":34,"column":0},"end":{"line":34,"column":43}}},"fnMap":{"0":{"name":"(anonymous_0)","decl":{"start":{"line":13,"column":23},"end":{"line":13,"column":24}},"loc":{"start":{"line":13,"column":59},"end":{"line":32,"column":1}},"line":13}},"branchMap":{},"s":{"0":4,"1":4,"2":4,"3":3,"4":3,"5":4,"6":4},"f":{"0":3},"b":{},"_coverageSchema":"332fd63041d2c1bcb487cc26dd0d5f7d97098a6c","hash":"1ca56589db9cb78240b598848777417a65f68d36"}
,"/Users/humanbassvirus/Desktop/Coding/Challenges/crypto-exchange-integrator/src/components/MarketSelector.jsx": {"path":"/Users/humanbassvirus/Desktop/Coding/Challenges/crypto-exchange-integrator/src/components/MarketSelector.jsx","statementMap":{"0":{"start":{"line":5,"column":18},"end":{"line":8,"column":1}},"1":{"start":{"line":10,"column":16},"end":{"line":14,"column":1}},"2":{"start":{"line":18,"column":2},"end":{"line":18,"column":37}},"3":{"start":{"line":22,"column":31},"end":{"line":22,"column":41}},"4":{"start":{"line":23,"column":4},"end":{"line":30,"column":6}},"5":{"start":{"line":34,"column":0},"end":{"line":34,"column":37}}},"fnMap":{"0":{"name":"(anonymous_0)","decl":{"start":{"line":17,"column":17},"end":{"line":17,"column":18}},"loc":{"start":{"line":17,"column":37},"end":{"line":19,"column":2}},"line":17},"1":{"name":"(anonymous_1)","decl":{"start":{"line":21,"column":2},"end":{"line":21,"column":3}},"loc":{"start":{"line":21,"column":11},"end":{"line":31,"column":3}},"line":21}},"branchMap":{},"s":{"0":4,"1":4,"2":1,"3":6,"4":6,"5":4},"f":{"0":1,"1":6},"b":{},"_coverageSchema":"332fd63041d2c1bcb487cc26dd0d5f7d97098a6c","hash":"47acd3b58f3527c94f05786669647fb81e526f87"}
,"/Users/humanbassvirus/Desktop/Coding/Challenges/crypto-exchange-integrator/src/store/bookActions.js": {"path":"/Users/humanbassvirus/Desktop/Coding/Challenges/crypto-exchange-integrator/src/store/bookActions.js","statementMap":{"0":{"start":{"line":1,"column":39},"end":{"line":1,"column":71}},"1":{"start":{"line":2,"column":39},"end":{"line":2,"column":71}},"2":{"start":{"line":3,"column":39},"end":{"line":3,"column":71}},"3":{"start":{"line":5,"column":38},"end":{"line":8,"column":3}},"4":{"start":{"line":5,"column":51},"end":{"line":8,"column":2}},"5":{"start":{"line":10,"column":39},"end":{"line":12,"column":3}},"6":{"start":{"line":10,"column":52},"end":{"line":12,"column":2}},"7":{"start":{"line":14,"column":39},"end":{"line":16,"column":3}},"8":{"start":{"line":14,"column":46},"end":{"line":16,"column":2}}},"fnMap":{"0":{"name":"(anonymous_0)","decl":{"start":{"line":5,"column":38},"end":{"line":5,"column":39}},"loc":{"start":{"line":5,"column":51},"end":{"line":8,"column":2}},"line":5},"1":{"name":"(anonymous_1)","decl":{"start":{"line":10,"column":39},"end":{"line":10,"column":40}},"loc":{"start":{"line":10,"column":52},"end":{"line":12,"column":2}},"line":10},"2":{"name":"(anonymous_2)","decl":{"start":{"line":14,"column":39},"end":{"line":14,"column":40}},"loc":{"start":{"line":14,"column":46},"end":{"line":16,"column":2}},"line":14}},"branchMap":{},"s":{"0":3,"1":3,"2":3,"3":3,"4":1,"5":3,"6":1,"7":3,"8":1},"f":{"0":1,"1":1,"2":1},"b":{},"_coverageSchema":"332fd63041d2c1bcb487cc26dd0d5f7d97098a6c","hash":"931efe4cbad247319cb9e598c7ca87e4b6360289"}
}
