TN:
SF:/Users/humanbassvirus/Desktop/Coding/Challenges/crypto-exchange-integrator/api/helpers.js
FN:2,(anonymous_0)
FN:8,(anonymous_1)
FN:13,(anonymous_2)
FN:21,(anonymous_3)
FN:27,(anonymous_4)
FN:37,(anonymous_5)
FNF:6
FNH:3
FNDA:1,(anonymous_0)
FNDA:2,(anonymous_1)
FNDA:2,(anonymous_2)
FNDA:0,(anonymous_3)
FNDA:0,(anonymous_4)
FNDA:0,(anonymous_5)
DA:3,1
DA:8,1
DA:9,2
DA:10,2
DA:11,2
DA:13,1
DA:14,2
DA:15,2
DA:16,2
DA:18,1
DA:22,0
DA:26,0
DA:27,0
DA:28,0
DA:34,0
DA:37,0
DA:38,0
DA:44,0
DA:47,0
DA:51,1
LF:20
LH:11
BRF:0
BRH:0
end_of_record
TN:
SF:/Users/humanbassvirus/Desktop/Coding/Challenges/crypto-exchange-integrator/src/App.js
FN:5,(anonymous_0)
FNF:1
FNH:1
FNDA:1,(anonymous_0)
DA:5,1
DA:6,1
LF:2
LH:2
BRF:0
BRH:0
end_of_record
TN:
SF:/Users/humanbassvirus/Desktop/Coding/Challenges/crypto-exchange-integrator/src/assets/bittrexLogo.svg
FNF:0
FNH:0
DA:1,4
LF:1
LH:1
BRF:0
BRH:0
end_of_record
TN:
SF:/Users/humanbassvirus/Desktop/Coding/Challenges/crypto-exchange-integrator/src/assets/loading.gif
FNF:0
FNH:0
DA:1,3
LF:1
LH:1
BRF:0
BRH:0
end_of_record
TN:
SF:/Users/humanbassvirus/Desktop/Coding/Challenges/crypto-exchange-integrator/src/assets/poloniexLogo.svg
FNF:0
FNH:0
DA:1,4
LF:1
LH:1
BRF:0
BRH:0
end_of_record
TN:
SF:/Users/humanbassvirus/Desktop/Coding/Challenges/crypto-exchange-integrator/src/components/BookOrder.jsx
FN:10,(anonymous_0)
FNF:1
FNH:1
FNDA:3,(anonymous_0)
DA:6,4
DA:10,4
DA:12,3
DA:13,2
DA:15,1
DA:17,3
DA:33,4
LF:7
LH:7
BRDA:12,0,0,2
BRDA:12,0,1,1
BRF:2
BRH:2
end_of_record
TN:
SF:/Users/humanbassvirus/Desktop/Coding/Challenges/crypto-exchange-integrator/src/components/Exchange.jsx
FN:18,(anonymous_0)
FN:26,(anonymous_1)
FN:36,(anonymous_2)
FN:40,(anonymous_3)
FN:42,(anonymous_4)
FN:48,(anonymous_5)
FN:49,(anonymous_6)
FN:55,(anonymous_7)
FN:60,(anonymous_8)
FN:75,(anonymous_9)
FN:79,(anonymous_10)
FN:115,(anonymous_11)
FNF:12
FNH:10
FNDA:6,(anonymous_0)
FNDA:4,(anonymous_1)
FNDA:4,(anonymous_2)
FNDA:3,(anonymous_3)
FNDA:3,(anonymous_4)
FNDA:3,(anonymous_5)
FNDA:3,(anonymous_6)
FNDA:1,(anonymous_7)
FNDA:5,(anonymous_8)
FNDA:0,(anonymous_9)
FNDA:0,(anonymous_10)
FNDA:5,(anonymous_11)
DA:10,3
DA:19,6
DA:20,6
DA:21,1
DA:23,6
DA:27,4
DA:28,4
DA:37,4
DA:41,3
DA:42,3
DA:43,3
DA:45,3
DA:49,3
DA:50,3
DA:52,3
DA:56,1
DA:57,1
DA:61,5
DA:68,5
DA:69,1
DA:70,1
DA:71,1
DA:72,1
DA:73,1
DA:75,1
DA:76,0
DA:79,1
DA:80,0
DA:83,1
DA:101,4
DA:107,4
DA:116,5
DA:128,3
LF:33
LH:31
BRDA:20,0,0,1
BRDA:20,0,1,5
BRDA:68,1,0,1
BRDA:68,1,1,4
BRDA:68,2,0,5
BRDA:68,2,1,4
BRDA:68,2,2,1
BRDA:69,3,0,1
BRDA:69,3,1,0
BRDA:69,4,0,1
BRDA:69,4,1,1
BRF:11
BRH:10
end_of_record
TN:
SF:/Users/humanbassvirus/Desktop/Coding/Challenges/crypto-exchange-integrator/src/components/ExchangeContainer.jsx
FN:14,(anonymous_0)
FN:22,mapStateToProps
FN:31,mapDispatchToProps
FN:33,(anonymous_3)
FNF:4
FNH:1
FNDA:1,(anonymous_0)
FNDA:0,mapStateToProps
FNDA:0,mapDispatchToProps
FNDA:0,(anonymous_3)
DA:7,2
DA:14,2
DA:15,1
DA:23,0
DA:32,0
DA:34,0
DA:39,2
LF:7
LH:4
BRDA:24,0,0,0
BRDA:24,0,1,0
BRF:2
BRH:0
end_of_record
TN:
SF:/Users/humanbassvirus/Desktop/Coding/Challenges/crypto-exchange-integrator/src/components/ExchangeHeader.jsx
FN:13,(anonymous_0)
FNF:1
FNH:1
FNDA:3,(anonymous_0)
DA:4,4
DA:9,4
DA:13,4
DA:14,3
DA:15,3
DA:33,4
DA:34,4
LF:7
LH:7
BRF:0
BRH:0
end_of_record
TN:
SF:/Users/humanbassvirus/Desktop/Coding/Challenges/crypto-exchange-integrator/src/components/MarketSelector.jsx
FN:17,(anonymous_0)
FN:21,(anonymous_1)
FNF:2
FNH:2
FNDA:1,(anonymous_0)
FNDA:6,(anonymous_1)
DA:5,4
DA:10,4
DA:18,1
DA:22,6
DA:23,6
DA:34,4
LF:6
LH:6
BRF:0
BRH:0
end_of_record
TN:
SF:/Users/humanbassvirus/Desktop/Coding/Challenges/crypto-exchange-integrator/src/store/bookActions.js
FN:5,(anonymous_0)
FN:10,(anonymous_1)
FN:14,(anonymous_2)
FNF:3
FNH:3
FNDA:1,(anonymous_0)
FNDA:1,(anonymous_1)
FNDA:1,(anonymous_2)
DA:1,3
DA:2,3
DA:3,3
DA:5,3
DA:10,3
DA:14,3
LF:6
LH:6
BRF:0
BRH:0
end_of_record
